<?xml version="1.0" encoding="UTF-8"?>
<!-- Generated by org.testng.reporters.JUnitReportReporter -->
<testsuite skipped="0" hostname="BOD-9061-01" name="tests.Add_Draft" tests="1" failures="0" timestamp="16 Feb 2020 18:37:44 GMT" time="24.020" errors="0">
  <testcase name="ClickDraft_Class" time="24.020" classname="tests.Add_Draft"/>
</testsuite> <!-- tests.Add_Draft -->
