<?xml version="1.0" encoding="UTF-8"?>
<!-- Generated by org.testng.reporters.JUnitReportReporter -->
<testsuite skipped="0" hostname="BOD-9061-01" name="tests.LoginTest_Exam" tests="1" failures="0" timestamp="16 Feb 2020 17:36:52 GMT" time="14.921" errors="0">
  <testcase name="TechfiosLogin" time="14.921" classname="tests.LoginTest_Exam"/>
</testsuite> <!-- tests.LoginTest_Exam -->
